<?xml version="1.0" encoding="UTF-8"?>
<testsuite xmlns:xsi="http://www.w3.org/2001/XMLSchema-instance" xsi:noNamespaceSchemaLocation="https://maven.apache.org/surefire/maven-surefire-plugin/xsd/surefire-test-report-3.0.xsd" version="3.0" name="TestSuite" time="14.647" tests="27" errors="0" skipped="0" failures="0">
  <properties>
    <property name="sun.desktop" value="windows"/>
    <property name="awt.toolkit" value="sun.awt.windows.WToolkit"/>
    <property name="file.encoding.pkg" value="sun.io"/>
    <property name="java.specification.version" value="1.8"/>
    <property name="sun.jnu.encoding" value="Cp1252"/>
    <property name="java.class.path" value="C:\Users\bkoiral1\eclipse-workspace\API_Testing_Automation_Framework\target\test-classes;C:\Users\bkoiral1\eclipse-workspace\API_Testing_Automation_Framework\target\classes;C:\Users\bkoiral1\.m2\repository\io\rest-assured\rest-assured\4.3.0\rest-assured-4.3.0.jar;C:\Users\bkoiral1\.m2\repository\org\codehaus\groovy\groovy\3.0.2\groovy-3.0.2.jar;C:\Users\bkoiral1\.m2\repository\org\codehaus\groovy\groovy-xml\3.0.2\groovy-xml-3.0.2.jar;C:\Users\bkoiral1\.m2\repository\org\apache\httpcomponents\httpclient\4.5.3\httpclient-4.5.3.jar;C:\Users\bkoiral1\.m2\repository\org\apache\httpcomponents\httpcore\4.4.6\httpcore-4.4.6.jar;C:\Users\bkoiral1\.m2\repository\commons-logging\commons-logging\1.2\commons-logging-1.2.jar;C:\Users\bkoiral1\.m2\repository\org\apache\httpcomponents\httpmime\4.5.3\httpmime-4.5.3.jar;C:\Users\bkoiral1\.m2\repository\org\hamcrest\hamcrest\2.1\hamcrest-2.1.jar;C:\Users\bkoiral1\.m2\repository\org\ccil\cowan\tagsoup\tagsoup\1.2.1\tagsoup-1.2.1.jar;C:\Users\bkoiral1\.m2\repository\io\rest-assured\json-path\4.3.0\json-path-4.3.0.jar;C:\Users\bkoiral1\.m2\repository\org\codehaus\groovy\groovy-json\3.0.2\groovy-json-3.0.2.jar;C:\Users\bkoiral1\.m2\repository\io\rest-assured\rest-assured-common\4.3.0\rest-assured-common-4.3.0.jar;C:\Users\bkoiral1\.m2\repository\io\rest-assured\xml-path\4.3.0\xml-path-4.3.0.jar;C:\Users\bkoiral1\.m2\repository\org\apache\commons\commons-lang3\3.4\commons-lang3-3.4.jar;C:\Users\bkoiral1\.m2\repository\jakarta\xml\bind\jakarta.xml.bind-api\2.3.2\jakarta.xml.bind-api-2.3.2.jar;C:\Users\bkoiral1\.m2\repository\jakarta\activation\jakarta.activation-api\1.2.1\jakarta.activation-api-1.2.1.jar;C:\Users\bkoiral1\.m2\repository\com\sun\xml\bind\jaxb-osgi\2.3.0.1\jaxb-osgi-2.3.0.1.jar;C:\Users\bkoiral1\.m2\repository\org\apache\sling\org.apache.sling.javax.activation\0.1.0\org.apache.sling.javax.activation-0.1.0.jar;C:\Users\bkoiral1\.m2\repository\javax\activation\activation\1.1.1\activation-1.1.1.jar;C:\Users\bkoiral1\.m2\repository\org\testng\testng\7.1.0\testng-7.1.0.jar;C:\Users\bkoiral1\.m2\repository\com\beust\jcommander\1.72\jcommander-1.72.jar;C:\Users\bkoiral1\.m2\repository\com\google\inject\guice\4.1.0\guice-4.1.0-no_aop.jar;C:\Users\bkoiral1\.m2\repository\javax\inject\javax.inject\1\javax.inject-1.jar;C:\Users\bkoiral1\.m2\repository\aopalliance\aopalliance\1.0\aopalliance-1.0.jar;C:\Users\bkoiral1\.m2\repository\com\google\guava\guava\19.0\guava-19.0.jar;C:\Users\bkoiral1\.m2\repository\org\yaml\snakeyaml\1.21\snakeyaml-1.21.jar;C:\Users\bkoiral1\.m2\repository\com\googlecode\json-simple\json-simple\1.1.1\json-simple-1.1.1.jar;C:\Users\bkoiral1\.m2\repository\junit\junit\4.10\junit-4.10.jar;C:\Users\bkoiral1\.m2\repository\org\hamcrest\hamcrest-core\1.1\hamcrest-core-1.1.jar;C:\Users\bkoiral1\.m2\repository\org\apache\poi\poi\4.1.2\poi-4.1.2.jar;C:\Users\bkoiral1\.m2\repository\commons-codec\commons-codec\1.13\commons-codec-1.13.jar;C:\Users\bkoiral1\.m2\repository\org\apache\commons\commons-collections4\4.4\commons-collections4-4.4.jar;C:\Users\bkoiral1\.m2\repository\org\apache\commons\commons-math3\3.6.1\commons-math3-3.6.1.jar;C:\Users\bkoiral1\.m2\repository\com\zaxxer\SparseBitSet\1.2\SparseBitSet-1.2.jar;C:\Users\bkoiral1\.m2\repository\org\apache\poi\poi-ooxml\4.1.1\poi-ooxml-4.1.1.jar;C:\Users\bkoiral1\.m2\repository\org\apache\poi\poi-ooxml-schemas\4.1.1\poi-ooxml-schemas-4.1.1.jar;C:\Users\bkoiral1\.m2\repository\org\apache\xmlbeans\xmlbeans\3.1.0\xmlbeans-3.1.0.jar;C:\Users\bkoiral1\.m2\repository\org\apache\commons\commons-compress\1.19\commons-compress-1.19.jar;C:\Users\bkoiral1\.m2\repository\com\github\virtuald\curvesapi\1.06\curvesapi-1.06.jar;C:\Users\bkoiral1\.m2\repository\com\aventstack\extentreports\4.1.5\extentreports-4.1.5.jar;C:\Users\bkoiral1\.m2\repository\org\freemarker\freemarker\2.3.29\freemarker-2.3.29.jar;C:\Users\bkoiral1\.m2\repository\com\google\code\gson\gson\2.8.6\gson-2.8.6.jar;C:\Users\bkoiral1\.m2\repository\org\mongodb\mongodb-driver\3.12.0\mongodb-driver-3.12.0.jar;C:\Users\bkoiral1\.m2\repository\org\mongodb\mongodb-driver-core\3.12.0\mongodb-driver-core-3.12.0.jar;C:\Users\bkoiral1\.m2\repository\org\mongodb\bson\3.12.0\bson-3.12.0.jar;C:\Users\bkoiral1\.m2\repository\org\apache\logging\log4j\log4j-core\2.5\log4j-core-2.5.jar;C:\Users\bkoiral1\.m2\repository\org\apache\logging\log4j\log4j-api\2.5\log4j-api-2.5.jar;"/>
    <property name="java.vm.vendor" value="IBM Corporation"/>
    <property name="com.ibm.zero.version" value="2"/>
    <property name="sun.arch.data.model" value="64"/>
    <property name="com.ibm.vm.bitmode" value="64"/>
    <property name="user.variant" value=""/>
    <property name="com.ibm.oti.vm.library.version" value="28"/>
    <property name="java.vendor.url" value="http://www.ibm.com/"/>
    <property name="user.timezone" value="America/New_York"/>
    <property name="os.name" value="Windows 10"/>
    <property name="java.vm.specification.version" value="1.8"/>
    <property name="sun.java.launcher" value="SUN_STANDARD"/>
    <property name="user.country" value="US"/>
    <property name="sun.boot.library.path" value="C:\Program Files\IBM\SPSS\Statistics\25\jre\bin\compressedrefs;C:\Program Files\IBM\SPSS\Statistics\25\jre\bin"/>
    <property name="sun.java.command" value="C:\Users\bkoiral1\AppData\Local\Temp\surefire4489326753169727432\surefirebooter6895575359775243787.jar C:\Users\bkoiral1\AppData\Local\Temp\surefire4489326753169727432 2020-05-06T17-13-45_817-jvmRun1 surefire4756443463305814375tmp surefire_02960973478591211128tmp"/>
    <property name="surefire.test.class.path" value="C:\Users\bkoiral1\eclipse-workspace\API_Testing_Automation_Framework\target\test-classes;C:\Users\bkoiral1\eclipse-workspace\API_Testing_Automation_Framework\target\classes;C:\Users\bkoiral1\.m2\repository\io\rest-assured\rest-assured\4.3.0\rest-assured-4.3.0.jar;C:\Users\bkoiral1\.m2\repository\org\codehaus\groovy\groovy\3.0.2\groovy-3.0.2.jar;C:\Users\bkoiral1\.m2\repository\org\codehaus\groovy\groovy-xml\3.0.2\groovy-xml-3.0.2.jar;C:\Users\bkoiral1\.m2\repository\org\apache\httpcomponents\httpclient\4.5.3\httpclient-4.5.3.jar;C:\Users\bkoiral1\.m2\repository\org\apache\httpcomponents\httpcore\4.4.6\httpcore-4.4.6.jar;C:\Users\bkoiral1\.m2\repository\commons-logging\commons-logging\1.2\commons-logging-1.2.jar;C:\Users\bkoiral1\.m2\repository\org\apache\httpcomponents\httpmime\4.5.3\httpmime-4.5.3.jar;C:\Users\bkoiral1\.m2\repository\org\hamcrest\hamcrest\2.1\hamcrest-2.1.jar;C:\Users\bkoiral1\.m2\repository\org\ccil\cowan\tagsoup\tagsoup\1.2.1\tagsoup-1.2.1.jar;C:\Users\bkoiral1\.m2\repository\io\rest-assured\json-path\4.3.0\json-path-4.3.0.jar;C:\Users\bkoiral1\.m2\repository\org\codehaus\groovy\groovy-json\3.0.2\groovy-json-3.0.2.jar;C:\Users\bkoiral1\.m2\repository\io\rest-assured\rest-assured-common\4.3.0\rest-assured-common-4.3.0.jar;C:\Users\bkoiral1\.m2\repository\io\rest-assured\xml-path\4.3.0\xml-path-4.3.0.jar;C:\Users\bkoiral1\.m2\repository\org\apache\commons\commons-lang3\3.4\commons-lang3-3.4.jar;C:\Users\bkoiral1\.m2\repository\jakarta\xml\bind\jakarta.xml.bind-api\2.3.2\jakarta.xml.bind-api-2.3.2.jar;C:\Users\bkoiral1\.m2\repository\jakarta\activation\jakarta.activation-api\1.2.1\jakarta.activation-api-1.2.1.jar;C:\Users\bkoiral1\.m2\repository\com\sun\xml\bind\jaxb-osgi\2.3.0.1\jaxb-osgi-2.3.0.1.jar;C:\Users\bkoiral1\.m2\repository\org\apache\sling\org.apache.sling.javax.activation\0.1.0\org.apache.sling.javax.activation-0.1.0.jar;C:\Users\bkoiral1\.m2\repository\javax\activation\activation\1.1.1\activation-1.1.1.jar;C:\Users\bkoiral1\.m2\repository\org\testng\testng\7.1.0\testng-7.1.0.jar;C:\Users\bkoiral1\.m2\repository\com\beust\jcommander\1.72\jcommander-1.72.jar;C:\Users\bkoiral1\.m2\repository\com\google\inject\guice\4.1.0\guice-4.1.0-no_aop.jar;C:\Users\bkoiral1\.m2\repository\javax\inject\javax.inject\1\javax.inject-1.jar;C:\Users\bkoiral1\.m2\repository\aopalliance\aopalliance\1.0\aopalliance-1.0.jar;C:\Users\bkoiral1\.m2\repository\com\google\guava\guava\19.0\guava-19.0.jar;C:\Users\bkoiral1\.m2\repository\org\yaml\snakeyaml\1.21\snakeyaml-1.21.jar;C:\Users\bkoiral1\.m2\repository\com\googlecode\json-simple\json-simple\1.1.1\json-simple-1.1.1.jar;C:\Users\bkoiral1\.m2\repository\junit\junit\4.10\junit-4.10.jar;C:\Users\bkoiral1\.m2\repository\org\hamcrest\hamcrest-core\1.1\hamcrest-core-1.1.jar;C:\Users\bkoiral1\.m2\repository\org\apache\poi\poi\4.1.2\poi-4.1.2.jar;C:\Users\bkoiral1\.m2\repository\commons-codec\commons-codec\1.13\commons-codec-1.13.jar;C:\Users\bkoiral1\.m2\repository\org\apache\commons\commons-collections4\4.4\commons-collections4-4.4.jar;C:\Users\bkoiral1\.m2\repository\org\apache\commons\commons-math3\3.6.1\commons-math3-3.6.1.jar;C:\Users\bkoiral1\.m2\repository\com\zaxxer\SparseBitSet\1.2\SparseBitSet-1.2.jar;C:\Users\bkoiral1\.m2\repository\org\apache\poi\poi-ooxml\4.1.1\poi-ooxml-4.1.1.jar;C:\Users\bkoiral1\.m2\repository\org\apache\poi\poi-ooxml-schemas\4.1.1\poi-ooxml-schemas-4.1.1.jar;C:\Users\bkoiral1\.m2\repository\org\apache\xmlbeans\xmlbeans\3.1.0\xmlbeans-3.1.0.jar;C:\Users\bkoiral1\.m2\repository\org\apache\commons\commons-compress\1.19\commons-compress-1.19.jar;C:\Users\bkoiral1\.m2\repository\com\github\virtuald\curvesapi\1.06\curvesapi-1.06.jar;C:\Users\bkoiral1\.m2\repository\com\aventstack\extentreports\4.1.5\extentreports-4.1.5.jar;C:\Users\bkoiral1\.m2\repository\org\freemarker\freemarker\2.3.29\freemarker-2.3.29.jar;C:\Users\bkoiral1\.m2\repository\com\google\code\gson\gson\2.8.6\gson-2.8.6.jar;C:\Users\bkoiral1\.m2\repository\org\mongodb\mongodb-driver\3.12.0\mongodb-driver-3.12.0.jar;C:\Users\bkoiral1\.m2\repository\org\mongodb\mongodb-driver-core\3.12.0\mongodb-driver-core-3.12.0.jar;C:\Users\bkoiral1\.m2\repository\org\mongodb\bson\3.12.0\bson-3.12.0.jar;C:\Users\bkoiral1\.m2\repository\org\apache\logging\log4j\log4j-core\2.5\log4j-core-2.5.jar;C:\Users\bkoiral1\.m2\repository\org\apache\logging\log4j\log4j-api\2.5\log4j-api-2.5.jar;"/>
    <property name="com.ibm.packed.version" value="2"/>
    <property name="sun.cpu.endian" value="little"/>
    <property name="user.home" value="C:\Users\bkoiral1"/>
    <property name="user.language" value="en"/>
    <property name="java.specification.vendor" value="Oracle Corporation"/>
    <property name="java.home" value="C:\Program Files\IBM\SPSS\Statistics\25\jre"/>
    <property name="ibm.signalhandling.rs" value="false"/>
    <property name="file.separator" value="\"/>
    <property name="basedir" value="C:\Users\bkoiral1\eclipse-workspace\API_Testing_Automation_Framework"/>
    <property name="line.separator" value="&#10;"/>
    <property name="java.vm.specification.vendor" value="Oracle Corporation"/>
    <property name="java.specification.name" value="Java Platform API Specification"/>
    <property name="java.compiler" value="j9jit28"/>
    <property name="com.ibm.util.extralibs.properties" value=""/>
    <property name="java.awt.graphicsenv" value="sun.awt.Win32GraphicsEnvironment"/>
    <property name="com.ibm.oti.configuration" value="scar"/>
    <property name="java.awt.fonts" value=""/>
    <property name="surefire.real.class.path" value="C:\Users\bkoiral1\AppData\Local\Temp\surefire4489326753169727432\surefirebooter6895575359775243787.jar"/>
    <property name="com.ibm.oti.shared.enabled" value="false"/>
    <property name="sun.boot.class.path" value="C:\Program Files\IBM\SPSS\Statistics\25\jre\bin\compressedrefs\jclSC180\vm.jar;C:\Program Files\IBM\SPSS\Statistics\25\jre\lib\se-service.jar;C:\Program Files\IBM\SPSS\Statistics\25\jre\lib\cuda4j.jar;C:\Program Files\IBM\SPSS\Statistics\25\jre\lib\math.jar;C:\Program Files\IBM\SPSS\Statistics\25\jre\lib\ibmorb.jar;C:\Program Files\IBM\SPSS\Statistics\25\jre\lib\ibmorbapi.jar;C:\Program Files\IBM\SPSS\Statistics\25\jre\lib\ibmcfw.jar;C:\Program Files\IBM\SPSS\Statistics\25\jre\lib\ibmpkcs.jar;C:\Program Files\IBM\SPSS\Statistics\25\jre\lib\ibmcertpathfw.jar;C:\Program Files\IBM\SPSS\Statistics\25\jre\lib\ibmjgssfw.jar;C:\Program Files\IBM\SPSS\Statistics\25\jre\lib\ibmjssefw.jar;C:\Program Files\IBM\SPSS\Statistics\25\jre\lib\ibmsaslfw.jar;C:\Program Files\IBM\SPSS\Statistics\25\jre\lib\ibmjcefw.jar;C:\Program Files\IBM\SPSS\Statistics\25\jre\lib\ibmjgssprovider.jar;C:\Program Files\IBM\SPSS\Statistics\25\jre\lib\ibmjsseprovider2.jar;C:\Program Files\IBM\SPSS\Statistics\25\jre\lib\ibmcertpathprovider.jar;C:\Program Files\IBM\SPSS\Statistics\25\jre\lib\xmldsigfw.jar;C:\Program Files\IBM\SPSS\Statistics\25\jre\lib\xml.jar;C:\Program Files\IBM\SPSS\Statistics\25\jre\lib\charsets.jar;C:\Program Files\IBM\SPSS\Statistics\25\jre\lib\resources.jar;C:\Program Files\IBM\SPSS\Statistics\25\jre\lib\rt.jar;C:\Program Files\IBM\SPSS\Statistics\25\jre\lib\dataaccess.jar"/>
    <property name="com.ibm.oti.vm.bootstrap.library.path" value="C:\Program Files\IBM\SPSS\Statistics\25\jre\bin\compressedrefs;C:\Program Files\IBM\SPSS\Statistics\25\jre\bin"/>
    <property name="com.ibm.cpu.endian" value="little"/>
    <property name="java.fullversion" value="JRE 1.8.0 IBM J9 2.8 Windows 10 amd64-64 Compressed References 20170209_336038 (JIT enabled, AOT enabled)&#10;J9VM - R28_20170209_0201_B336038&#10;JIT  - tr.r14.java.green_20170125_131456&#10;GC   - R28_20170209_0201_B336038_CMPRSS&#10;J9CL - 20170209_336038"/>
    <property name="java.runtime.version" value="pwa6480sr4fp1-20170215_01 (SR4 FP1)"/>
    <property name="user.name" value="bkoiral1"/>
    <property name="path.separator" value=";"/>
    <property name="os.version" value="10.0"/>
    <property name="java.endorsed.dirs" value="C:\Program Files\IBM\SPSS\Statistics\25\jre\lib\endorsed"/>
    <property name="java.runtime.name" value="Java(TM) SE Runtime Environment"/>
    <property name="ibm.signalhandling.sigint" value="true"/>
    <property name="file.encoding" value="Cp1252"/>
    <property name="java.vm.name" value="IBM J9 VM"/>
    <property name="ibm.signalhandling.sigchain" value="true"/>
    <property name="localRepository" value="C:\Users\bkoiral1\.m2\repository"/>
    <property name="java.io.tmpdir" value="C:\Users\bkoiral1\AppData\Local\Temp\"/>
    <property name="java.version" value="1.8.0"/>
    <property name="com.ibm.system.agent.path" value="C:\Program Files\IBM\SPSS\Statistics\25\jre\bin"/>
    <property name="user.dir" value="C:\Users\bkoiral1\eclipse-workspace\API_Testing_Automation_Framework"/>
    <property name="os.arch" value="amd64"/>
    <property name="java.vm.specification.name" value="Java Virtual Machine Specification"/>
    <property name="java.awt.printerjob" value="sun.awt.windows.WPrinterJob"/>
    <property name="os.encoding" value="UTF8"/>
    <property name="console.encoding" value="Cp437"/>
    <property name="com.ibm.oti.jcl.build" value="20170209_336038"/>
    <property name="java.library.path" value="C:\Program Files\IBM\SPSS\Statistics\25\jre\bin\compressedrefs;C:\Program Files\IBM\SPSS\Statistics\25\jre\bin;C:\WINDOWS\system32;C:\WINDOWS;C:/Program Files/Java/jre1.8.0_241/bin/server;C:/Program Files/Java/jre1.8.0_241/bin;C:/Program Files/Java/jre1.8.0_241/lib/amd64;C:\Program Files (x86)\Common Files\Oracle\Java\javapath;C:\WINDOWS\system32;C:\WINDOWS;C:\WINDOWS\System32\Wbem;C:\WINDOWS\System32\WindowsPowerShell\v1.0\;C:\Program Files (x86)\PharosSystems\Core;C:\Program Files\IBM\SPSS\Statistics\25\JRE\bin;C:\Program Files (x86)\Intel\Intel(R) Management Engine Components\DAL;C:\Program Files\Intel\Intel(R) Management Engine Components\DAL;C:\Users\bkoiral1\AppData\Local\Android\Sdk\platforms;C:\Users\bkoiral1\AppData\Local\Android\Sdk\platform-tools;C:\Program Files\Java\jdk-14\bin;C:\Program Files\Java\jdk-14\lib;C:\Users\bkoiral1\AppData\Local\Android\Sdk\tools\bin;C:\Users\bkoiral1\AppData\Local\Android\Sdk\tools;C:\Program Files\Java\jre1.8.0_241\bin;C:\Users\bkoiral1\AppData\Local\Microsoft\WindowsApps;C:\Users\bkoiral1\AppData\Local\Programs\Git\cmd;C:\Users\bkoiral1\Desktop;;."/>
    <property name="java.vendor" value="IBM Corporation"/>
    <property name="java.vm.info" value="JRE 1.8.0 Windows 10 amd64-64 Compressed References 20170209_336038 (JIT enabled, AOT enabled)&#10;J9VM - R28_20170209_0201_B336038&#10;JIT  - tr.r14.java.green_20170125_131456&#10;GC   - R28_20170209_0201_B336038_CMPRSS&#10;J9CL - 20170209_336038"/>
    <property name="java.vm.version" value="2.8"/>
    <property name="com.ibm.jcl.checkClassPath" value=""/>
    <property name="ibm.system.encoding" value="Cp1252"/>
    <property name="sun.io.unicode.encoding" value="UnicodeLittle"/>
    <property name="java.ext.dirs" value="C:\Program Files\IBM\SPSS\Statistics\25\jre\lib\ext"/>
    <property name="java.class.version" value="52.0"/>
  </properties>
  <testcase name="checkContentEncoding" classname="com.employeeapi.testCases.TC001_Get_All_Employees" time="0.005"/>
  <testcase name="checkContentLength" classname="com.employeeapi.testCases.TC001_Get_All_Employees" time="0.004"/>
  <testcase name="checkContentType" classname="com.employeeapi.testCases.TC001_Get_All_Employees" time="0.003"/>
  <testcase name="checkCookies" classname="com.employeeapi.testCases.TC001_Get_All_Employees" time="0.001"/>
  <testcase name="checkResponseBody" classname="com.employeeapi.testCases.TC001_Get_All_Employees" time="0.035"/>
  <testcase name="checkResponseTime" classname="com.employeeapi.testCases.TC001_Get_All_Employees" time="0.001"/>
  <testcase name="checkServerType" classname="com.employeeapi.testCases.TC001_Get_All_Employees" time="0.002"/>
  <testcase name="checkStatusCode" classname="com.employeeapi.testCases.TC001_Get_All_Employees" time="0.001"/>
  <testcase name="checkStatusLine" classname="com.employeeapi.testCases.TC001_Get_All_Employees" time="0.001"/>
  <testcase name="checkContentType" classname="com.employeeapi.testCases.TC002_GET_Single_Employee_Record" time="0"/>
  <testcase name="checkResponseBody" classname="com.employeeapi.testCases.TC002_GET_Single_Employee_Record" time="0.001"/>
  <testcase name="checkResponseTime" classname="com.employeeapi.testCases.TC002_GET_Single_Employee_Record" time="0"/>
  <testcase name="checkServerType" classname="com.employeeapi.testCases.TC002_GET_Single_Employee_Record" time="0"/>
  <testcase name="checkStatusCode" classname="com.employeeapi.testCases.TC002_GET_Single_Employee_Record" time="0"/>
  <testcase name="checkStatusLine" classname="com.employeeapi.testCases.TC002_GET_Single_Employee_Record" time="0"/>
  <testcase name="checkContentEncoding" classname="com.employeeapi.testCases.TC003_POST_Employee_Record" time="0"/>
  <testcase name="checkContentType" classname="com.employeeapi.testCases.TC003_POST_Employee_Record" time="0"/>
  <testcase name="checkResponseBody" classname="com.employeeapi.testCases.TC003_POST_Employee_Record" time="0"/>
  <testcase name="checkServerType" classname="com.employeeapi.testCases.TC003_POST_Employee_Record" time="0.001"/>
  <testcase name="checkStatusCode" classname="com.employeeapi.testCases.TC003_POST_Employee_Record" time="0"/>
  <testcase name="checkStatusLine" classname="com.employeeapi.testCases.TC003_POST_Employee_Record" time="0"/>
  <testcase name="checkContentEncoding" classname="com.employeeapi.testCases.TC004_PUT_Employee_Record" time="0.001"/>
  <testcase name="checkContentType" classname="com.employeeapi.testCases.TC004_PUT_Employee_Record" time="0"/>
  <testcase name="checkResponseBody" classname="com.employeeapi.testCases.TC004_PUT_Employee_Record" time="0"/>
  <testcase name="checkServerType" classname="com.employeeapi.testCases.TC004_PUT_Employee_Record" time="0"/>
  <testcase name="checkStatusCode" classname="com.employeeapi.testCases.TC004_PUT_Employee_Record" time="0.001"/>
  <testcase name="checkStatusLine" classname="com.employeeapi.testCases.TC004_PUT_Employee_Record" time="0"/>
</testsuite>