<?xml version="1.0" encoding="UTF-8"?>
<!-- Generated by org.testng.reporters.JUnitReportReporter -->
<testsuite skipped="0" hostname="SON04601" name="com.employeeapi.testCases.TC004_PUT_Employee_Record" tests="6" failures="0" timestamp="2020-05-06T17:13:13 EDT" time="0.021" errors="0">
  <testcase name="checkContentEncoding" time="0.004" classname="com.employeeapi.testCases.TC004_PUT_Employee_Record"/>
  <system-out/>
  <testcase name="checkStatusLine" time="0.001" classname="com.employeeapi.testCases.TC004_PUT_Employee_Record"/>
  <system-out/>
  <testcase name="checkServerType" time="0.002" classname="com.employeeapi.testCases.TC004_PUT_Employee_Record"/>
  <system-out/>
  <testcase name="checkResponseBody" time="0.010" classname="com.employeeapi.testCases.TC004_PUT_Employee_Record"/>
  <system-out/>
  <testcase name="checkContentType" time="0.002" classname="com.employeeapi.testCases.TC004_PUT_Employee_Record"/>
  <system-out/>
  <testcase name="checkStatusCode" time="0.002" classname="com.employeeapi.testCases.TC004_PUT_Employee_Record"/>
  <system-out/>
</testsuite> <!-- com.employeeapi.testCases.TC004_PUT_Employee_Record -->
