<?xml version="1.0" encoding="UTF-8"?>
<!-- Generated by org.testng.reporters.JUnitReportReporter -->
<testsuite skipped="0" hostname="SON04601" name="com.employeeapi.testCases.TC001_Get_All_Employees" tests="9" failures="0" timestamp="2020-05-06T14:29:47 EDT" time="0.043" errors="0">
  <testcase name="checkResponseTime" time="0.001" classname="com.employeeapi.testCases.TC001_Get_All_Employees"/>
  <system-out/>
  <testcase name="checkServerType" time="0.001" classname="com.employeeapi.testCases.TC001_Get_All_Employees"/>
  <system-out/>
  <testcase name="checkStatusLine" time="0.003" classname="com.employeeapi.testCases.TC001_Get_All_Employees"/>
  <system-out/>
  <testcase name="checkContentLength" time="0.001" classname="com.employeeapi.testCases.TC001_Get_All_Employees"/>
  <system-out/>
  <testcase name="checkResponseBody" time="0.028" classname="com.employeeapi.testCases.TC001_Get_All_Employees"/>
  <system-out/>
  <testcase name="checkCookies" time="0.002" classname="com.employeeapi.testCases.TC001_Get_All_Employees"/>
  <system-out/>
  <testcase name="checkContentType" time="0.001" classname="com.employeeapi.testCases.TC001_Get_All_Employees"/>
  <system-out/>
  <testcase name="checkStatusCode" time="0.000" classname="com.employeeapi.testCases.TC001_Get_All_Employees"/>
  <system-out/>
  <testcase name="checkContentEncoding" time="0.006" classname="com.employeeapi.testCases.TC001_Get_All_Employees"/>
  <system-out/>
</testsuite> <!-- com.employeeapi.testCases.TC001_Get_All_Employees -->
