<?xml version="1.0" encoding="UTF-8"?>
<!-- Generated by org.testng.reporters.JUnitReportReporter -->
<testsuite skipped="0" hostname="SON04601" name="com.employeeapi.testCases.TC002_GET_Single_Employee_Record" tests="6" failures="0" timestamp="2020-05-06T14:29:47 EDT" time="0.008" errors="0">
  <testcase name="checkStatusCode" time="0.001" classname="com.employeeapi.testCases.TC002_GET_Single_Employee_Record"/>
  <system-out/>
  <testcase name="checkContentType" time="0.001" classname="com.employeeapi.testCases.TC002_GET_Single_Employee_Record"/>
  <system-out/>
  <testcase name="checkResponseBody" time="0.002" classname="com.employeeapi.testCases.TC002_GET_Single_Employee_Record"/>
  <system-out/>
  <testcase name="checkStatusLine" time="0.001" classname="com.employeeapi.testCases.TC002_GET_Single_Employee_Record"/>
  <system-out/>
  <testcase name="checkServerType" time="0.001" classname="com.employeeapi.testCases.TC002_GET_Single_Employee_Record"/>
  <system-out/>
  <testcase name="checkResponseTime" time="0.002" classname="com.employeeapi.testCases.TC002_GET_Single_Employee_Record"/>
  <system-out/>
</testsuite> <!-- com.employeeapi.testCases.TC002_GET_Single_Employee_Record -->
